Flow report for gpio
Thu Oct 19 11:33:14 2023
Quartus Prime Version 22.1std.1 Build 917 02/14/2023 SC Lite Edition


---------------------
; Table of Contents ;
---------------------
  1. Legal Notice
  2. Flow Summary
  3. Flow Settings
  4. Flow Non-Default Global Settings
  5. Flow Elapsed Time
  6. Flow OS Summary
  7. Flow Log
  8. Flow Messages
  9. Flow Suppressed Messages



----------------
; Legal Notice ;
----------------
Copyright (C) 2023  Intel Corporation. All rights reserved.
Your use of Intel Corporation's design tools, logic functions 
and other software and tools, and any partner logic 
functions, and any output files from any of the foregoing 
(including device programming or simulation files), and any 
associated documentation or information are expressly subject 
to the terms and conditions of the Intel Program License 
Subscription Agreement, the Intel Quartus Prime License Agreement,
the Intel FPGA IP License Agreement, or other applicable license
agreement, including, without limitation, that your use is for
the sole purpose of programming logic devices manufactured by
Intel and sold by Intel or its authorized distributors.  Please
refer to the applicable agreement for further details, at
https://fpgasoftware.intel.com/eula.



+-------------------------------------------------------------------------------------+
; Flow Summary                                                                        ;
+------------------------------------+------------------------------------------------+
; Flow Status                        ; Successful - Thu Oct 19 11:33:14 2023          ;
; Quartus Prime Version              ; 22.1std.1 Build 917 02/14/2023 SC Lite Edition ;
; Revision Name                      ; gpio                                           ;
; Top-level Entity Name              ; gpio_nios                                      ;
; Family                             ; Cyclone IV E                                   ;
; Device                             ; EP4CE22F17C6                                   ;
; Timing Models                      ; Final                                          ;
; Total logic elements               ; 1,705 / 22,320 ( 8 % )                         ;
;     Total combinational functions  ; 1,590 / 22,320 ( 7 % )                         ;
;     Dedicated logic registers      ; 925 / 22,320 ( 4 % )                           ;
; Total registers                    ; 925                                            ;
; Total pins                         ; 18 / 154 ( 12 % )                              ;
; Total virtual pins                 ; 0                                              ;
; Total memory bits                  ; 171,264 / 608,256 ( 28 % )                     ;
; Embedded Multiplier 9-bit elements ; 0 / 132 ( 0 % )                                ;
; Total PLLs                         ; 0 / 4 ( 0 % )                                  ;
+------------------------------------+------------------------------------------------+


+-----------------------------------------+
; Flow Settings                           ;
+-------------------+---------------------+
; Option            ; Setting             ;
+-------------------+---------------------+
; Start date & time ; 10/19/2023 11:32:06 ;
; Main task         ; Compilation         ;
; Revision Name     ; gpio                ;
+-------------------+---------------------+


+---------------------------------------------------------------------------------------------------------------------------------------------------------------------+
; Flow Non-Default Global Settings                                                                                                                                    ;
+-------------------------------------+-------------------------------------------------------------+---------------+-------------+-----------------------------------+
; Assignment Name                     ; Value                                                       ; Default Value ; Entity Name ; Section Id                        ;
+-------------------------------------+-------------------------------------------------------------+---------------+-------------+-----------------------------------+
; COMPILER_SIGNATURE_ID               ; 251485267900453.169770792508604                             ; --            ; --          ; --                                ;
; EDA_GENERATE_FUNCTIONAL_NETLIST     ; Off                                                         ; --            ; --          ; eda_board_design_timing           ;
; EDA_GENERATE_FUNCTIONAL_NETLIST     ; Off                                                         ; --            ; --          ; eda_board_design_boundary_scan    ;
; EDA_GENERATE_FUNCTIONAL_NETLIST     ; Off                                                         ; --            ; --          ; eda_board_design_signal_integrity ;
; EDA_GENERATE_FUNCTIONAL_NETLIST     ; Off                                                         ; --            ; --          ; eda_board_design_symbol           ;
; EDA_OUTPUT_DATA_FORMAT              ; Verilog Hdl                                                 ; --            ; --          ; eda_simulation                    ;
; EDA_SIMULATION_TOOL                 ; Questa Intel FPGA (Verilog)                                 ; <None>        ; --          ; --                                ;
; EDA_TIME_SCALE                      ; 1 ps                                                        ; --            ; --          ; eda_simulation                    ;
; MAX_CORE_JUNCTION_TEMP              ; 85                                                          ; --            ; --          ; --                                ;
; MIN_CORE_JUNCTION_TEMP              ; 0                                                           ; --            ; --          ; --                                ;
; MISC_FILE                           ; gpio_nios/synthesis/../gpio_nios.cmp                        ; --            ; --          ; --                                ;
; MISC_FILE                           ; gpio_nios/synthesis/../../gpio_nios.qsys                    ; --            ; --          ; --                                ;
; NOMINAL_CORE_SUPPLY_VOLTAGE         ; 1.2V                                                        ; --            ; --          ; --                                ;
; OUTPUT_IO_TIMING_FAR_END_VMEAS      ; Half Signal Swing                                           ; --            ; --          ; --                                ;
; OUTPUT_IO_TIMING_FAR_END_VMEAS      ; Half Signal Swing                                           ; --            ; --          ; --                                ;
; OUTPUT_IO_TIMING_NEAR_END_VMEAS     ; Half Vccio                                                  ; --            ; --          ; --                                ;
; OUTPUT_IO_TIMING_NEAR_END_VMEAS     ; Half Vccio                                                  ; --            ; --          ; --                                ;
; PARTITION_COLOR                     ; -- (Not supported for targeted family)                      ; --            ; gpio_nios   ; Top                               ;
; PARTITION_FITTER_PRESERVATION_LEVEL ; -- (Not supported for targeted family)                      ; --            ; gpio_nios   ; Top                               ;
; PARTITION_NETLIST_TYPE              ; -- (Not supported for targeted family)                      ; --            ; gpio_nios   ; Top                               ;
; POWER_BOARD_THERMAL_MODEL           ; None (CONSERVATIVE)                                         ; --            ; --          ; --                                ;
; POWER_PRESET_COOLING_SOLUTION       ; 23 MM HEAT SINK WITH 200 LFPM AIRFLOW                       ; --            ; --          ; --                                ;
; PROJECT_OUTPUT_DIRECTORY            ; output_files                                                ; --            ; --          ; --                                ;
; SLD_FILE                            ; gpio_nios/synthesis/gpio_nios.regmap                        ; --            ; --          ; --                                ;
; SLD_FILE                            ; gpio_nios/synthesis/gpio_nios.debuginfo                     ; --            ; --          ; --                                ;
; SLD_INFO                            ; QSYS_NAME gpio_nios HAS_SOPCINFO 1 GENERATION_ID 1697665538 ; --            ; gpio_nios   ; --                                ;
; SOPCINFO_FILE                       ; gpio_nios/synthesis/../../gpio_nios.sopcinfo                ; --            ; --          ; --                                ;
; SYNTHESIS_ONLY_QIP                  ; On                                                          ; --            ; --          ; --                                ;
; TOP_LEVEL_ENTITY                    ; gpio_nios                                                   ; gpio          ; --          ; --                                ;
+-------------------------------------+-------------------------------------------------------------+---------------+-------------+-----------------------------------+


+--------------------------------------------------------------------------------------------------------------------------+
; Flow Elapsed Time                                                                                                        ;
+----------------------+--------------+-------------------------+---------------------+------------------------------------+
; Module Name          ; Elapsed Time ; Average Processors Used ; Peak Virtual Memory ; Total CPU Time (on all processors) ;
+----------------------+--------------+-------------------------+---------------------+------------------------------------+
; Analysis & Synthesis ; 00:00:39     ; 1.0                     ; 4901 MB             ; 00:01:05                           ;
; Fitter               ; 00:00:11     ; 1.0                     ; 5290 MB             ; 00:00:13                           ;
; Assembler            ; 00:00:02     ; 1.0                     ; 4717 MB             ; 00:00:02                           ;
; Timing Analyzer      ; 00:00:04     ; 1.1                     ; 4802 MB             ; 00:00:03                           ;
; EDA Netlist Writer   ; 00:00:03     ; 1.0                     ; 4659 MB             ; 00:00:02                           ;
; Total                ; 00:00:59     ; --                      ; --                  ; 00:01:25                           ;
+----------------------+--------------+-------------------------+---------------------+------------------------------------+


+------------------------------------------------------------------------------------+
; Flow OS Summary                                                                    ;
+----------------------+------------------+------------+------------+----------------+
; Module Name          ; Machine Hostname ; OS Name    ; OS Version ; Processor type ;
+----------------------+------------------+------------+------------+----------------+
; Analysis & Synthesis ; DESKTOP-45F99CA  ; Windows 10 ; 10.0       ; x86_64         ;
; Fitter               ; DESKTOP-45F99CA  ; Windows 10 ; 10.0       ; x86_64         ;
; Assembler            ; DESKTOP-45F99CA  ; Windows 10 ; 10.0       ; x86_64         ;
; Timing Analyzer      ; DESKTOP-45F99CA  ; Windows 10 ; 10.0       ; x86_64         ;
; EDA Netlist Writer   ; DESKTOP-45F99CA  ; Windows 10 ; 10.0       ; x86_64         ;
+----------------------+------------------+------------+------------+----------------+


------------
; Flow Log ;
------------
quartus_map --read_settings_files=on --write_settings_files=off gpio -c gpio
quartus_fit --read_settings_files=off --write_settings_files=off gpio -c gpio
quartus_asm --read_settings_files=off --write_settings_files=off gpio -c gpio
quartus_sta gpio -c gpio
quartus_eda --read_settings_files=off --write_settings_files=off gpio -c gpio



